Log file open, 05/03/19 12:02:27
LogWindows: Failed to load 'aqProf.dll' (GetLastError=126)
LogWindows: File 'aqProf.dll' does not exist
LogWindows: Failed to load 'VtuneApi.dll' (GetLastError=126)
LogWindows: File 'VtuneApi.dll' does not exist
LogWindows: Failed to load 'VtuneApi32e.dll' (GetLastError=126)
LogWindows: File 'VtuneApi32e.dll' does not exist
LogConsoleResponse: Display: Failed to find resolution value strings in scalability ini. Falling back to default.
LogInit: Display: Running engine for game: CompileBPCommandlet
LogPakFile: Registered encryption key '00000000000000000000000000000000': 0 pak files mounted, 0 remain pending
LogPlatformFile: Not using cached read wrapper
LogTaskGraph: Started task graph with 5 named threads and 23 total threads with 3 sets of task threads.
LogStats: Stats thread started at 0.282482
LogD3D11RHI: Loaded GFSDK_Aftermath_Lib.x64.dll
LogICUInternationalization: ICU TimeZone Detection - Raw Offset: -8:00, Platform Override: ''
LogPluginManager: Mounting plugin Paper2D
LogPluginManager: Mounting plugin AISupport
LogPluginManager: Mounting plugin LightPropagationVolume
LogPluginManager: Mounting plugin ActorLayerUtilities
LogPluginManager: Mounting plugin AnimationSharing
LogPluginManager: Mounting plugin CLionSourceCodeAccess
LogPluginManager: Mounting plugin CodeLiteSourceCodeAccess
LogPluginManager: Mounting plugin GitSourceControl
LogPluginManager: Mounting plugin KDevelopSourceCodeAccess
LogPluginManager: Mounting plugin NullSourceCodeAccess
LogPluginManager: Mounting plugin PerforceSourceControl
LogPluginManager: Mounting plugin SubversionSourceControl
LogPluginManager: Mounting plugin UObjectPlugin
LogPluginManager: Mounting plugin VisualStudioCodeSourceCodeAccess
LogPluginManager: Mounting plugin VisualStudioSourceCodeAccess
LogPluginManager: Mounting plugin XCodeSourceCodeAccess
LogPluginManager: Mounting plugin AssetManagerEditor
LogPluginManager: Mounting plugin CryptoKeys
LogPluginManager: Mounting plugin DataValidation
LogPluginManager: Mounting plugin FacialAnimation
LogPluginManager: Mounting plugin GameplayTagsEditor
LogPluginManager: Mounting plugin MacGraphicsSwitching
LogPluginManager: Mounting plugin MaterialAnalyzer
LogPluginManager: Mounting plugin MobileLauncherProfileWizard
LogPluginManager: Mounting plugin PluginBrowser
LogPluginManager: Mounting plugin SpeedTreeImporter
LogPluginManager: Mounting plugin DatasmithContent
LogPluginManager: Mounting plugin VariantManagerContent
LogPluginManager: Mounting plugin AlembicImporter
LogPluginManager: Mounting plugin AppleImageUtils
LogPluginManager: Mounting plugin AppleVision
LogPluginManager: Mounting plugin BackChannel
LogPluginManager: Mounting plugin CharacterAI
LogPluginManager: Mounting plugin GeometryCache
LogPluginManager: Mounting plugin HTML5Networking
LogPluginManager: Mounting plugin ProxyLODPlugin
LogPluginManager: Mounting plugin SkeletalReduction
LogPluginManager: Mounting plugin MagicLeap
LogPluginManager: Mounting plugin MagicLeapMedia
LogPluginManager: Mounting plugin AndroidMedia
LogPluginManager: Mounting plugin AvfMedia
LogPluginManager: Mounting plugin ImgMedia
LogPluginManager: Mounting plugin LinearTimecode
LogPluginManager: Mounting plugin MediaCompositing
LogPluginManager: Mounting plugin MediaPlayerEditor
LogPluginManager: Mounting plugin WebMMedia
LogPluginManager: Mounting plugin WmfMedia
LogPluginManager: Mounting plugin TcpMessaging
LogPluginManager: Mounting plugin UdpMessaging
LogPluginManager: Mounting plugin ActorSequence
LogPluginManager: Mounting plugin LevelSequenceEditor
LogPluginManager: Mounting plugin MatineeToLevelSequence
LogPluginManager: Mounting plugin NetcodeUnitTest
LogPluginManager: Mounting plugin NUTUnrealEngine4
LogPluginManager: Mounting plugin OnlineSubsystemGooglePlay
LogPluginManager: Mounting plugin OnlineSubsystemIOS
LogPluginManager: Mounting plugin OnlineSubsystem
LogPluginManager: Mounting plugin OnlineSubsystemNull
LogPluginManager: Mounting plugin OnlineSubsystemUtils
LogPluginManager: Mounting plugin LauncherChunkInstaller
LogPluginManager: Mounting plugin AndroidDeviceProfileSelector
LogPluginManager: Mounting plugin AndroidMoviePlayer
LogPluginManager: Mounting plugin AndroidPermission
LogPluginManager: Mounting plugin AppleMoviePlayer
LogPluginManager: Mounting plugin ArchVisCharacter
LogPluginManager: Mounting plugin AudioCapture
LogPluginManager: Mounting plugin CableComponent
LogPluginManager: Mounting plugin CustomMeshComponent
LogPluginManager: Mounting plugin EditableMesh
LogPluginManager: Mounting plugin ExampleDeviceProfileSelector
LogPluginManager: Mounting plugin Firebase
LogPluginManager: Mounting plugin GoogleCloudMessaging
LogPluginManager: Mounting plugin IOSDeviceProfileSelector
LogPluginManager: Mounting plugin LinuxDeviceProfileSelector
LogPluginManager: Mounting plugin LocationServicesBPLibrary
LogPluginManager: Mounting plugin MobilePatchingUtils
LogPluginManager: Mounting plugin OculusVR
LogPluginManager: Mounting plugin PhysXVehicles
LogPluginManager: Mounting plugin ProceduralMeshComponent
LogPluginManager: Mounting plugin RuntimePhysXCooking
LogPluginManager: Mounting plugin SignificanceManager
LogPluginManager: Mounting plugin SteamVR
LogPluginManager: Mounting plugin WebMMoviePlayer
LogPluginManager: Mounting plugin WindowsMoviePlayer
LogInit: Using libcurl 7.55.1-DEV
LogInit:  - built for x86_64-pc-win32
LogInit:  - supports SSL with OpenSSL/1.1.1
LogInit:  - supports HTTP deflate (compression) using libz 1.2.8
LogInit:  - other features:
LogInit:      CURL_VERSION_SSL
LogInit:      CURL_VERSION_LIBZ
LogInit:      CURL_VERSION_IPV6
LogInit:      CURL_VERSION_ASYNCHDNS
LogInit:      CURL_VERSION_LARGEFILE
LogInit:      CURL_VERSION_IDN
LogInit:  CurlRequestOptions (configurable via config and command line):
LogInit:  - bVerifyPeer = true  - Libcurl will verify peer certificate
LogInit:  - bUseHttpProxy = false  - Libcurl will NOT use HTTP proxy
LogInit:  - bDontReuseConnections = false  - Libcurl will reuse connections
LogInit:  - MaxHostConnections = 16  - Libcurl will limit the number of connections to a host
LogInit:  - LocalHostAddr = Default
LogInit:  - BufferSize = 65536
LogInit: WinSock: version 1.1 (2.2), MaxSocks=32767, MaxUdp=65467
LogInit: Build: ++UE4+Release-4.22-CL-6063286
LogInit: Engine Version: 4.22.1-6063286+++UE4+Release-4.22
LogInit: Compatible Engine Version: 4.22.0-5660361+++UE4+Release-4.22
LogInit: Net CL: 5660361
LogInit: OS: Windows 10 (Release 1809) (), CPU: Intel(R) Core(TM) i7-6700K CPU @ 4.00GHz, GPU: NVIDIA GeForce GTX 1070
LogInit: Compiled (64-bit): Apr 24 2019 04:36:48
LogInit: Compiled with Visual C++: 19.16.27025.01
LogInit: Build Configuration: Development
LogInit: Branch Name: ++UE4+Release-4.22
LogInit: Command Line:  E:\code\ue4bugs\CompileBPCommandlet\CompileBPCommandlet.uproject -run=CompileAllBlueprints
LogInit: Base Directory: C:/UnrealEngine/UE_4.22/Engine/Binaries/Win64/
LogInit: Installed Engine Build: 1
LogDevObjectVersion: Number of dev versions registered: 23
LogDevObjectVersion:   Dev-Blueprints (B0D832E4-1F89-4F0D-ACCF-7EB736FD4AA2): 10
LogDevObjectVersion:   Dev-Build (E1C64328-A22C-4D53-A36C-8E866417BD8C): 0
LogDevObjectVersion:   Dev-Core (375EC13C-06E4-48FB-B500-84F0262A717E): 3
LogDevObjectVersion:   Dev-Editor (E4B068ED-F494-42E9-A231-DA0B2E46BB41): 30
LogDevObjectVersion:   Dev-Framework (CFFC743F-43B0-4480-9391-14DF171D2073): 35
LogDevObjectVersion:   Dev-Mobile (B02B49B5-BB20-44E9-A304-32B752E40360): 2
LogDevObjectVersion:   Dev-Networking (A4E4105C-59A1-49B5-A7C5-40C4547EDFEE): 0
LogDevObjectVersion:   Dev-Online (39C831C9-5AE6-47DC-9A44-9C173E1C8E7C): 0
LogDevObjectVersion:   Dev-Physics (78F01B33-EBEA-4F98-B9B4-84EACCB95AA2): 0
LogDevObjectVersion:   Dev-Platform (6631380F-2D4D-43E0-8009-CF276956A95A): 0
LogDevObjectVersion:   Dev-Rendering (12F88B9F-8875-4AFC-A67C-D90C383ABD29): 28
LogDevObjectVersion:   Dev-Sequencer (7B5AE74C-D270-4C10-A958-57980B212A5A): 11
LogDevObjectVersion:   Dev-VR (D7296918-1DD6-4BDD-9DE2-64A83CC13884): 2
LogDevObjectVersion:   Dev-LoadTimes (C2A15278-BFE7-4AFE-6C17-90FF531DF755): 1
LogDevObjectVersion:   Private-Geometry (6EACA3D4-40EC-4CC1-B786-8BED09428FC5): 3
LogDevObjectVersion:   Dev-AnimPhys (29E575DD-E0A3-4627-9D10-D276232CDCEA): 17
LogDevObjectVersion:   Dev-Anim (AF43A65D-7FD3-4947-9873-3E8ED9C1BB05): 2
LogDevObjectVersion:   Dev-ReflectionCapture (6B266CEC-1EC7-4B8F-A30B-E4D90942FC07): 1
LogDevObjectVersion:   Dev-Automation (0DF73D61-A23F-47EA-B727-89E90C41499A): 1
LogDevObjectVersion:   FortniteMain (601D1886-AC64-4F84-AA16-D3DE0DEAC7D6): 25
LogDevObjectVersion:   Dev-Enterprise (9DFFBCD6-494F-0158-E221-12823C92A888): 6
LogDevObjectVersion:   Dev-Niagara (F2AED0AC-9AFE-416F-8664-AA7FFA26D6FC): 1
LogDevObjectVersion:   Dev-Destruction (174F1F0B-B4C6-45A5-B13F-2EE8D0FB917D): 2
LogInit: Presizing for max 16777216 objects, including 0 objects not considered by GC, pre-allocating 0 bytes for permanent pool.
LogInit: Object subsystem initialized
LogConfig: Setting CVar [[con.DebugEarlyDefault:1]]
LogConfig: Setting CVar [[r.setres:1280x720]]
[2019.05.03-19.02.27:616][  0]LogConfig: Setting CVar [[con.DebugEarlyDefault:1]]
[2019.05.03-19.02.27:616][  0]LogConfig: Setting CVar [[r.setres:1280x720]]
[2019.05.03-19.02.27:616][  0]LogConfig: Applying CVar settings from Section [/Script/Engine.RendererSettings] File [E:/code/ue4bugs/CompileBPCommandlet/Saved/Config/Windows/Engine.ini]
[2019.05.03-19.02.27:616][  0]LogConfig: Setting CVar [[r.GPUCrashDebugging:0]]
[2019.05.03-19.02.27:616][  0]LogConfig: Setting CVar [[r.DefaultFeature.AutoExposure.ExtendDefaultLuminanceRange:1]]
[2019.05.03-19.02.27:616][  0]LogConfig: Applying CVar settings from Section [/Script/Engine.RendererOverrideSettings] File [E:/code/ue4bugs/CompileBPCommandlet/Saved/Config/Windows/Engine.ini]
[2019.05.03-19.02.27:616][  0]LogConfig: Applying CVar settings from Section [/Script/Engine.StreamingSettings] File [E:/code/ue4bugs/CompileBPCommandlet/Saved/Config/Windows/Engine.ini]
[2019.05.03-19.02.27:616][  0]LogConfig: Setting CVar [[s.MinBulkDataSizeForAsyncLoading:131072]]
[2019.05.03-19.02.27:616][  0]LogConfig: Setting CVar [[s.AsyncLoadingThreadEnabled:0]]
[2019.05.03-19.02.27:616][  0]LogConfig: Setting CVar [[s.EventDrivenLoaderEnabled:1]]
[2019.05.03-19.02.27:616][  0]LogConfig: Setting CVar [[s.WarnIfTimeLimitExceeded:0]]
[2019.05.03-19.02.27:616][  0]LogConfig: Setting CVar [[s.TimeLimitExceededMultiplier:1.5]]
[2019.05.03-19.02.27:616][  0]LogConfig: Setting CVar [[s.TimeLimitExceededMinTime:0.005]]
[2019.05.03-19.02.27:616][  0]LogConfig: Setting CVar [[s.UseBackgroundLevelStreaming:1]]
[2019.05.03-19.02.27:616][  0]LogConfig: Setting CVar [[s.PriorityAsyncLoadingExtraTime:15.0]]
[2019.05.03-19.02.27:617][  0]LogConfig: Setting CVar [[s.LevelStreamingActorsUpdateTimeLimit:5.0]]
[2019.05.03-19.02.27:617][  0]LogConfig: Setting CVar [[s.PriorityLevelStreamingActorsUpdateExtraTime:5.0]]
[2019.05.03-19.02.27:617][  0]LogConfig: Setting CVar [[s.LevelStreamingComponentsRegistrationGranularity:10]]
[2019.05.03-19.02.27:617][  0]LogConfig: Setting CVar [[s.UnregisterComponentsTimeLimit:1.0]]
[2019.05.03-19.02.27:617][  0]LogConfig: Setting CVar [[s.LevelStreamingComponentsUnregistrationGranularity:5]]
[2019.05.03-19.02.27:617][  0]LogConfig: Applying CVar settings from Section [/Script/Engine.GarbageCollectionSettings] File [E:/code/ue4bugs/CompileBPCommandlet/Saved/Config/Windows/Engine.ini]
[2019.05.03-19.02.27:617][  0]LogConfig: Setting CVar [[gc.MaxObjectsNotConsideredByGC:1]]
[2019.05.03-19.02.27:617][  0]LogConfig: Setting CVar [[gc.SizeOfPermanentObjectPool:0]]
[2019.05.03-19.02.27:617][  0]LogConfig: Setting CVar [[gc.FlushStreamingOnGC:0]]
[2019.05.03-19.02.27:617][  0]LogConfig: Setting CVar [[gc.NumRetriesBeforeForcingGC:10]]
[2019.05.03-19.02.27:617][  0]LogConfig: Setting CVar [[gc.AllowParallelGC:1]]
[2019.05.03-19.02.27:617][  0]LogConfig: Setting CVar [[gc.TimeBetweenPurgingPendingKillObjects:61.1]]
[2019.05.03-19.02.27:617][  0]LogConfig: Setting CVar [[gc.MaxObjectsInEditor:16777216]]
[2019.05.03-19.02.27:617][  0]LogConfig: Setting CVar [[gc.IncrementalBeginDestroyEnabled:1]]
[2019.05.03-19.02.27:617][  0]LogConfig: Setting CVar [[gc.CreateGCClusters:1]]
[2019.05.03-19.02.27:617][  0]LogConfig: Setting CVar [[gc.MinGCClusterSize:5]]
[2019.05.03-19.02.27:617][  0]LogConfig: Setting CVar [[gc.ActorClusteringEnabled:0]]
[2019.05.03-19.02.27:617][  0]LogConfig: Setting CVar [[gc.BlueprintClusteringEnabled:0]]
[2019.05.03-19.02.27:617][  0]LogConfig: Setting CVar [[gc.UseDisregardForGCOnDedicatedServers:0]]
[2019.05.03-19.02.27:617][  0]LogConfig: Applying CVar settings from Section [/Script/Engine.NetworkSettings] File [E:/code/ue4bugs/CompileBPCommandlet/Saved/Config/Windows/Engine.ini]
[2019.05.03-19.02.27:617][  0]LogConfig: Applying CVar settings from Section [/Script/UnrealEd.CookerSettings] File [E:/code/ue4bugs/CompileBPCommandlet/Saved/Config/Windows/Engine.ini]
[2019.05.03-19.02.27:617][  0]LogConfig: Applying CVar settings from Section [ViewDistanceQuality@3] File [E:/code/ue4bugs/CompileBPCommandlet/Saved/Config/Windows/Scalability.ini]
[2019.05.03-19.02.27:617][  0]LogConfig: Setting CVar [[r.SkeletalMeshLODBias:0]]
[2019.05.03-19.02.27:617][  0]LogConfig: Setting CVar [[r.ViewDistanceScale:1.0]]
[2019.05.03-19.02.27:617][  0]LogConfig: Applying CVar settings from Section [AntiAliasingQuality@3] File [E:/code/ue4bugs/CompileBPCommandlet/Saved/Config/Windows/Scalability.ini]
[2019.05.03-19.02.27:617][  0]LogConfig: Setting CVar [[r.PostProcessAAQuality:4]]
[2019.05.03-19.02.27:617][  0]LogConfig: Applying CVar settings from Section [ShadowQuality@3] File [E:/code/ue4bugs/CompileBPCommandlet/Saved/Config/Windows/Scalability.ini]
[2019.05.03-19.02.27:617][  0]LogConfig: Setting CVar [[r.LightFunctionQuality:1]]
[2019.05.03-19.02.27:617][  0]LogConfig: Setting CVar [[r.ShadowQuality:5]]
[2019.05.03-19.02.27:617][  0]LogConfig: Setting CVar [[r.Shadow.CSM.MaxCascades:10]]
[2019.05.03-19.02.27:617][  0]LogConfig: Setting CVar [[r.Shadow.MaxResolution:2048]]
[2019.05.03-19.02.27:617][  0]LogConfig: Setting CVar [[r.Shadow.MaxCSMResolution:2048]]
[2019.05.03-19.02.27:617][  0]LogConfig: Setting CVar [[r.Shadow.RadiusThreshold:0.01]]
[2019.05.03-19.02.27:617][  0]LogConfig: Setting CVar [[r.Shadow.DistanceScale:1.0]]
[2019.05.03-19.02.27:617][  0]LogConfig: Setting CVar [[r.Shadow.CSM.TransitionScale:1.0]]
[2019.05.03-19.02.27:617][  0]LogConfig: Setting CVar [[r.Shadow.PreShadowResolutionFactor:1.0]]
[2019.05.03-19.02.27:617][  0]LogConfig: Setting CVar [[r.DistanceFieldShadowing:1]]
[2019.05.03-19.02.27:617][  0]LogConfig: Setting CVar [[r.DistanceFieldAO:1]]
[2019.05.03-19.02.27:617][  0]LogConfig: Setting CVar [[r.AOQuality:2]]
[2019.05.03-19.02.27:617][  0]LogConfig: Setting CVar [[r.VolumetricFog:1]]
[2019.05.03-19.02.27:617][  0]LogConfig: Setting CVar [[r.VolumetricFog.GridPixelSize:8]]
[2019.05.03-19.02.27:617][  0]LogConfig: Setting CVar [[r.VolumetricFog.GridSizeZ:128]]
[2019.05.03-19.02.27:617][  0]LogConfig: Setting CVar [[r.VolumetricFog.HistoryMissSupersampleCount:4]]
[2019.05.03-19.02.27:617][  0]LogConfig: Setting CVar [[r.LightMaxDrawDistanceScale:1]]
[2019.05.03-19.02.27:617][  0]LogConfig: Setting CVar [[r.CapsuleShadows:1]]
[2019.05.03-19.02.27:617][  0]LogConfig: Applying CVar settings from Section [PostProcessQuality@3] File [E:/code/ue4bugs/CompileBPCommandlet/Saved/Config/Windows/Scalability.ini]
[2019.05.03-19.02.27:617][  0]LogConfig: Setting CVar [[r.MotionBlurQuality:4]]
[2019.05.03-19.02.27:617][  0]LogConfig: Setting CVar [[r.AmbientOcclusionMipLevelFactor:0.4]]
[2019.05.03-19.02.27:617][  0]LogConfig: Setting CVar [[r.AmbientOcclusionMaxQuality:100]]
[2019.05.03-19.02.27:617][  0]LogConfig: Setting CVar [[r.AmbientOcclusionLevels:-1]]
[2019.05.03-19.02.27:617][  0]LogConfig: Setting CVar [[r.AmbientOcclusionRadiusScale:1.0]]
[2019.05.03-19.02.27:617][  0]LogConfig: Setting CVar [[r.DepthOfFieldQuality:2]]
[2019.05.03-19.02.27:617][  0]LogConfig: Setting CVar [[r.RenderTargetPoolMin:400]]
[2019.05.03-19.02.27:617][  0]LogConfig: Setting CVar [[r.LensFlareQuality:2]]
[2019.05.03-19.02.27:617][  0]LogConfig: Setting CVar [[r.SceneColorFringeQuality:1]]
[2019.05.03-19.02.27:617][  0]LogConfig: Setting CVar [[r.EyeAdaptationQuality:2]]
[2019.05.03-19.02.27:617][  0]LogConfig: Setting CVar [[r.BloomQuality:5]]
[2019.05.03-19.02.27:617][  0]LogConfig: Setting CVar [[r.FastBlurThreshold:100]]
[2019.05.03-19.02.27:617][  0]LogConfig: Setting CVar [[r.Upscale.Quality:3]]
[2019.05.03-19.02.27:617][  0]LogConfig: Setting CVar [[r.Tonemapper.GrainQuantization:1]]
[2019.05.03-19.02.27:617][  0]LogConfig: Setting CVar [[r.LightShaftQuality:1]]
[2019.05.03-19.02.27:617][  0]LogConfig: Setting CVar [[r.Filter.SizeScale:1]]
[2019.05.03-19.02.27:617][  0]LogConfig: Setting CVar [[r.Tonemapper.Quality:5]]
[2019.05.03-19.02.27:617][  0]LogConfig: Setting CVar [[r.DOF.Gather.AccumulatorQuality:1        ; higher gathering accumulator quality]]
[2019.05.03-19.02.27:617][  0]LogConfig: Setting CVar [[r.DOF.Gather.PostfilterMethod:1          ; Median3x3 postfilering method]]
[2019.05.03-19.02.27:617][  0]LogConfig: Setting CVar [[r.DOF.Gather.EnableBokehSettings:0       ; no bokeh simulation when gathering]]
[2019.05.03-19.02.27:617][  0]LogConfig: Setting CVar [[r.DOF.Gather.RingCount:4                 ; medium number of samples when gathering]]
[2019.05.03-19.02.27:617][  0]LogConfig: Setting CVar [[r.DOF.Scatter.ForegroundCompositing:1    ; additive foreground scattering]]
[2019.05.03-19.02.27:617][  0]LogConfig: Setting CVar [[r.DOF.Scatter.BackgroundCompositing:2    ; additive background scattering]]
[2019.05.03-19.02.27:617][  0]LogConfig: Setting CVar [[r.DOF.Scatter.EnableBokehSettings:1      ; bokeh simulation when scattering]]
[2019.05.03-19.02.27:617][  0]LogConfig: Setting CVar [[r.DOF.Scatter.MaxSpriteRatio:0.1         ; only a maximum of 10% of scattered bokeh]]
[2019.05.03-19.02.27:617][  0]LogConfig: Setting CVar [[r.DOF.Recombine.Quality:1                ; cheap slight out of focus]]
[2019.05.03-19.02.27:617][  0]LogConfig: Setting CVar [[r.DOF.Recombine.EnableBokehSettings:0    ; no bokeh simulation on slight out of focus]]
[2019.05.03-19.02.27:617][  0]LogConfig: Setting CVar [[r.DOF.TemporalAAQuality:1                ; more stable temporal accumulation]]
[2019.05.03-19.02.27:617][  0]LogConfig: Setting CVar [[r.DOF.Kernel.MaxForegroundRadius:0.025]]
[2019.05.03-19.02.27:617][  0]LogConfig: Setting CVar [[r.DOF.Kernel.MaxBackgroundRadius:0.025]]
[2019.05.03-19.02.27:618][  0]LogConfig: Applying CVar settings from Section [TextureQuality@3] File [E:/code/ue4bugs/CompileBPCommandlet/Saved/Config/Windows/Scalability.ini]
[2019.05.03-19.02.27:618][  0]LogConfig: Setting CVar [[r.Streaming.MipBias:0]]
[2019.05.03-19.02.27:618][  0]LogConfig: Setting CVar [[r.Streaming.AmortizeCPUToGPUCopy:0]]
[2019.05.03-19.02.27:618][  0]LogConfig: Setting CVar [[r.Streaming.MaxNumTexturesToStreamPerFrame:0]]
[2019.05.03-19.02.27:618][  0]LogConfig: Setting CVar [[r.Streaming.Boost:1]]
[2019.05.03-19.02.27:618][  0]LogConfig: Setting CVar [[r.MaxAnisotropy:8]]
[2019.05.03-19.02.27:618][  0]LogConfig: Setting CVar [[r.Streaming.LimitPoolSizeToVRAM:0]]
[2019.05.03-19.02.27:618][  0]LogConfig: Setting CVar [[r.Streaming.PoolSize:1000]]
[2019.05.03-19.02.27:618][  0]LogConfig: Setting CVar [[r.Streaming.MaxEffectiveScreenSize:0]]
[2019.05.03-19.02.27:618][  0]LogConfig: Applying CVar settings from Section [EffectsQuality@3] File [E:/code/ue4bugs/CompileBPCommandlet/Saved/Config/Windows/Scalability.ini]
[2019.05.03-19.02.27:618][  0]LogConfig: Setting CVar [[r.TranslucencyLightingVolumeDim:64]]
[2019.05.03-19.02.27:618][  0]LogConfig: Setting CVar [[r.RefractionQuality:2]]
[2019.05.03-19.02.27:618][  0]LogConfig: Setting CVar [[r.SSR.Quality:3]]
[2019.05.03-19.02.27:618][  0]LogConfig: Setting CVar [[r.SceneColorFormat:4]]
[2019.05.03-19.02.27:618][  0]LogConfig: Setting CVar [[r.DetailMode:2]]
[2019.05.03-19.02.27:618][  0]LogConfig: Setting CVar [[r.TranslucencyVolumeBlur:1]]
[2019.05.03-19.02.27:618][  0]LogConfig: Setting CVar [[r.MaterialQualityLevel:1 ; High quality]]
[2019.05.03-19.02.27:618][  0]LogConfig: Setting CVar [[r.SSS.Scale:1]]
[2019.05.03-19.02.27:618][  0]LogConfig: Setting CVar [[r.SSS.SampleSet:2]]
[2019.05.03-19.02.27:618][  0]LogConfig: Setting CVar [[r.SSS.Quality:1]]
[2019.05.03-19.02.27:618][  0]LogConfig: Setting CVar [[r.SSS.HalfRes:1]]
[2019.05.03-19.02.27:618][  0]LogConfig: Setting CVar [[r.EmitterSpawnRateScale:1.0]]
[2019.05.03-19.02.27:618][  0]LogConfig: Setting CVar [[r.ParticleLightQuality:2]]
[2019.05.03-19.02.27:618][  0]LogConfig: Applying CVar settings from Section [FoliageQuality@3] File [E:/code/ue4bugs/CompileBPCommandlet/Saved/Config/Windows/Scalability.ini]
[2019.05.03-19.02.27:618][  0]LogConfig: Setting CVar [[foliage.DensityScale:1.0]]
[2019.05.03-19.02.27:618][  0]LogConfig: Setting CVar [[grass.DensityScale:1.0]]
[2019.05.03-19.02.27:618][  0]LogInit: Selected Device Profile: [Windows]
[2019.05.03-19.02.27:618][  0]LogInit: Applying CVar settings loaded from the selected device profile: [Windows]
[2019.05.03-19.02.27:624][  0]LogHAL: Display: Platform has ~ 48 GB [51457097728 / 68719476736 / 48], which maps to Largest [LargestMinGB=32, LargerMinGB=12, DefaultMinGB=8, SmallerMinGB=6, SmallestMinGB=0)
[2019.05.03-19.02.27:624][  0]LogConfig: Setting CVar [[r.Vulkan.UseRealUBs:0		; Required until we fix HLR fall-out]]
[2019.05.03-19.02.27:625][  0]LogInit: Going up to parent DeviceProfile []
[2019.05.03-19.02.27:625][  0]LogConfig: Applying CVar settings from Section [ViewDistanceQuality@3] File [E:/code/ue4bugs/CompileBPCommandlet/Saved/Config/Windows/Scalability.ini]
[2019.05.03-19.02.27:625][  0]LogConfig: Setting CVar [[r.SkeletalMeshLODBias:0]]
[2019.05.03-19.02.27:625][  0]LogConfig: Setting CVar [[r.ViewDistanceScale:1.0]]
[2019.05.03-19.02.27:625][  0]LogConfig: Applying CVar settings from Section [AntiAliasingQuality@3] File [E:/code/ue4bugs/CompileBPCommandlet/Saved/Config/Windows/Scalability.ini]
[2019.05.03-19.02.27:625][  0]LogConfig: Setting CVar [[r.PostProcessAAQuality:4]]
[2019.05.03-19.02.27:625][  0]LogConfig: Applying CVar settings from Section [ShadowQuality@3] File [E:/code/ue4bugs/CompileBPCommandlet/Saved/Config/Windows/Scalability.ini]
[2019.05.03-19.02.27:625][  0]LogConfig: Setting CVar [[r.LightFunctionQuality:1]]
[2019.05.03-19.02.27:625][  0]LogConfig: Setting CVar [[r.ShadowQuality:5]]
[2019.05.03-19.02.27:625][  0]LogConfig: Setting CVar [[r.Shadow.CSM.MaxCascades:10]]
[2019.05.03-19.02.27:625][  0]LogConfig: Setting CVar [[r.Shadow.MaxResolution:2048]]
[2019.05.03-19.02.27:625][  0]LogConfig: Setting CVar [[r.Shadow.MaxCSMResolution:2048]]
[2019.05.03-19.02.27:625][  0]LogConfig: Setting CVar [[r.Shadow.RadiusThreshold:0.01]]
[2019.05.03-19.02.27:625][  0]LogConfig: Setting CVar [[r.Shadow.DistanceScale:1.0]]
[2019.05.03-19.02.27:625][  0]LogConfig: Setting CVar [[r.Shadow.CSM.TransitionScale:1.0]]
[2019.05.03-19.02.27:625][  0]LogConfig: Setting CVar [[r.Shadow.PreShadowResolutionFactor:1.0]]
[2019.05.03-19.02.27:625][  0]LogConfig: Setting CVar [[r.DistanceFieldShadowing:1]]
[2019.05.03-19.02.27:625][  0]LogConfig: Setting CVar [[r.DistanceFieldAO:1]]
[2019.05.03-19.02.27:625][  0]LogConfig: Setting CVar [[r.AOQuality:2]]
[2019.05.03-19.02.27:625][  0]LogConfig: Setting CVar [[r.VolumetricFog:1]]
[2019.05.03-19.02.27:625][  0]LogConfig: Setting CVar [[r.VolumetricFog.GridPixelSize:8]]
[2019.05.03-19.02.27:625][  0]LogConfig: Setting CVar [[r.VolumetricFog.GridSizeZ:128]]
[2019.05.03-19.02.27:625][  0]LogConfig: Setting CVar [[r.VolumetricFog.HistoryMissSupersampleCount:4]]
[2019.05.03-19.02.27:625][  0]LogConfig: Setting CVar [[r.LightMaxDrawDistanceScale:1]]
[2019.05.03-19.02.27:625][  0]LogConfig: Setting CVar [[r.CapsuleShadows:1]]
[2019.05.03-19.02.27:625][  0]LogConfig: Applying CVar settings from Section [PostProcessQuality@3] File [E:/code/ue4bugs/CompileBPCommandlet/Saved/Config/Windows/Scalability.ini]
[2019.05.03-19.02.27:625][  0]LogConfig: Setting CVar [[r.MotionBlurQuality:4]]
[2019.05.03-19.02.27:625][  0]LogConfig: Setting CVar [[r.AmbientOcclusionMipLevelFactor:0.4]]
[2019.05.03-19.02.27:625][  0]LogConfig: Setting CVar [[r.AmbientOcclusionMaxQuality:100]]
[2019.05.03-19.02.27:625][  0]LogConfig: Setting CVar [[r.AmbientOcclusionLevels:-1]]
[2019.05.03-19.02.27:625][  0]LogConfig: Setting CVar [[r.AmbientOcclusionRadiusScale:1.0]]
[2019.05.03-19.02.27:625][  0]LogConfig: Setting CVar [[r.DepthOfFieldQuality:2]]
[2019.05.03-19.02.27:625][  0]LogConfig: Setting CVar [[r.RenderTargetPoolMin:400]]
[2019.05.03-19.02.27:625][  0]LogConfig: Setting CVar [[r.LensFlareQuality:2]]
[2019.05.03-19.02.27:625][  0]LogConfig: Setting CVar [[r.SceneColorFringeQuality:1]]
[2019.05.03-19.02.27:625][  0]LogConfig: Setting CVar [[r.EyeAdaptationQuality:2]]
[2019.05.03-19.02.27:625][  0]LogConfig: Setting CVar [[r.BloomQuality:5]]
[2019.05.03-19.02.27:625][  0]LogConfig: Setting CVar [[r.FastBlurThreshold:100]]
[2019.05.03-19.02.27:625][  0]LogConfig: Setting CVar [[r.Upscale.Quality:3]]
[2019.05.03-19.02.27:625][  0]LogConfig: Setting CVar [[r.Tonemapper.GrainQuantization:1]]
[2019.05.03-19.02.27:625][  0]LogConfig: Setting CVar [[r.LightShaftQuality:1]]
[2019.05.03-19.02.27:625][  0]LogConfig: Setting CVar [[r.Filter.SizeScale:1]]
[2019.05.03-19.02.27:625][  0]LogConfig: Setting CVar [[r.Tonemapper.Quality:5]]
[2019.05.03-19.02.27:625][  0]LogConfig: Setting CVar [[r.DOF.Gather.AccumulatorQuality:1        ; higher gathering accumulator quality]]
[2019.05.03-19.02.27:625][  0]LogConfig: Setting CVar [[r.DOF.Gather.PostfilterMethod:1          ; Median3x3 postfilering method]]
[2019.05.03-19.02.27:625][  0]LogConfig: Setting CVar [[r.DOF.Gather.EnableBokehSettings:0       ; no bokeh simulation when gathering]]
[2019.05.03-19.02.27:626][  0]LogConfig: Setting CVar [[r.DOF.Gather.RingCount:4                 ; medium number of samples when gathering]]
[2019.05.03-19.02.27:626][  0]LogConfig: Setting CVar [[r.DOF.Scatter.ForegroundCompositing:1    ; additive foreground scattering]]
[2019.05.03-19.02.27:626][  0]LogConfig: Setting CVar [[r.DOF.Scatter.BackgroundCompositing:2    ; additive background scattering]]
[2019.05.03-19.02.27:626][  0]LogConfig: Setting CVar [[r.DOF.Scatter.EnableBokehSettings:1      ; bokeh simulation when scattering]]
[2019.05.03-19.02.27:626][  0]LogConfig: Setting CVar [[r.DOF.Scatter.MaxSpriteRatio:0.1         ; only a maximum of 10% of scattered bokeh]]
[2019.05.03-19.02.27:626][  0]LogConfig: Setting CVar [[r.DOF.Recombine.Quality:1                ; cheap slight out of focus]]
[2019.05.03-19.02.27:626][  0]LogConfig: Setting CVar [[r.DOF.Recombine.EnableBokehSettings:0    ; no bokeh simulation on slight out of focus]]
[2019.05.03-19.02.27:626][  0]LogConfig: Setting CVar [[r.DOF.TemporalAAQuality:1                ; more stable temporal accumulation]]
[2019.05.03-19.02.27:626][  0]LogConfig: Setting CVar [[r.DOF.Kernel.MaxForegroundRadius:0.025]]
[2019.05.03-19.02.27:626][  0]LogConfig: Setting CVar [[r.DOF.Kernel.MaxBackgroundRadius:0.025]]
[2019.05.03-19.02.27:626][  0]LogConfig: Applying CVar settings from Section [TextureQuality@3] File [E:/code/ue4bugs/CompileBPCommandlet/Saved/Config/Windows/Scalability.ini]
[2019.05.03-19.02.27:626][  0]LogConfig: Setting CVar [[r.Streaming.MipBias:0]]
[2019.05.03-19.02.27:626][  0]LogConfig: Setting CVar [[r.Streaming.AmortizeCPUToGPUCopy:0]]
[2019.05.03-19.02.27:626][  0]LogConfig: Setting CVar [[r.Streaming.MaxNumTexturesToStreamPerFrame:0]]
[2019.05.03-19.02.27:626][  0]LogConfig: Setting CVar [[r.Streaming.Boost:1]]
[2019.05.03-19.02.27:626][  0]LogConfig: Setting CVar [[r.MaxAnisotropy:8]]
[2019.05.03-19.02.27:626][  0]LogConfig: Setting CVar [[r.Streaming.LimitPoolSizeToVRAM:0]]
[2019.05.03-19.02.27:626][  0]LogConfig: Setting CVar [[r.Streaming.PoolSize:1000]]
[2019.05.03-19.02.27:626][  0]LogConfig: Setting CVar [[r.Streaming.MaxEffectiveScreenSize:0]]
[2019.05.03-19.02.27:626][  0]LogConfig: Applying CVar settings from Section [EffectsQuality@3] File [E:/code/ue4bugs/CompileBPCommandlet/Saved/Config/Windows/Scalability.ini]
[2019.05.03-19.02.27:626][  0]LogConfig: Setting CVar [[r.TranslucencyLightingVolumeDim:64]]
[2019.05.03-19.02.27:626][  0]LogConfig: Setting CVar [[r.RefractionQuality:2]]
[2019.05.03-19.02.27:626][  0]LogConfig: Setting CVar [[r.SSR.Quality:3]]
[2019.05.03-19.02.27:626][  0]LogConfig: Setting CVar [[r.SceneColorFormat:4]]
[2019.05.03-19.02.27:626][  0]LogConfig: Setting CVar [[r.DetailMode:2]]
[2019.05.03-19.02.27:626][  0]LogConfig: Setting CVar [[r.TranslucencyVolumeBlur:1]]
[2019.05.03-19.02.27:626][  0]LogConfig: Setting CVar [[r.MaterialQualityLevel:1 ; High quality]]
[2019.05.03-19.02.27:626][  0]LogConfig: Setting CVar [[r.SSS.Scale:1]]
[2019.05.03-19.02.27:626][  0]LogConfig: Setting CVar [[r.SSS.SampleSet:2]]
[2019.05.03-19.02.27:626][  0]LogConfig: Setting CVar [[r.SSS.Quality:1]]
[2019.05.03-19.02.27:626][  0]LogConfig: Setting CVar [[r.SSS.HalfRes:1]]
[2019.05.03-19.02.27:626][  0]LogConfig: Setting CVar [[r.EmitterSpawnRateScale:1.0]]
[2019.05.03-19.02.27:626][  0]LogConfig: Setting CVar [[r.ParticleLightQuality:2]]
[2019.05.03-19.02.27:626][  0]LogConfig: Applying CVar settings from Section [FoliageQuality@3] File [E:/code/ue4bugs/CompileBPCommandlet/Saved/Config/Windows/Scalability.ini]
[2019.05.03-19.02.27:626][  0]LogConfig: Setting CVar [[foliage.DensityScale:1.0]]
[2019.05.03-19.02.27:626][  0]LogConfig: Setting CVar [[grass.DensityScale:1.0]]
[2019.05.03-19.02.27:626][  0]LogConfig: Applying CVar settings from Section [Startup] File [../../../Engine/Config/ConsoleVariables.ini]
[2019.05.03-19.02.27:627][  0]LogConfig: Setting CVar [[net.UseAdaptiveNetUpdateFrequency:0]]
[2019.05.03-19.02.27:627][  0]LogConfig: Setting CVar [[p.chaos.AllowCreatePhysxBodies:1]]
[2019.05.03-19.02.27:627][  0]LogConfig: Applying CVar settings from Section [ConsoleVariables] File [E:/code/ue4bugs/CompileBPCommandlet/Saved/Config/Windows/Engine.ini]
[2019.05.03-19.02.27:627][  0]LogInit: Computer: DOUGPC
[2019.05.03-19.02.27:627][  0]LogInit: User: doug
[2019.05.03-19.02.27:627][  0]LogInit: CPU Page size=4096, Cores=4
[2019.05.03-19.02.27:627][  0]LogInit: High frequency timer resolution =10.000000 MHz
[2019.05.03-19.02.27:627][  0]LogMemory: Memory total: Physical=47.9GB (48GB approx)
[2019.05.03-19.02.27:627][  0]LogMemory: Platform Memory Stats for Windows
[2019.05.03-19.02.27:627][  0]LogMemory: Process Physical Memory: 96.26 MB used, 96.26 MB peak
[2019.05.03-19.02.27:627][  0]LogMemory: Process Virtual Memory: 88.86 MB used, 88.86 MB peak
[2019.05.03-19.02.27:627][  0]LogMemory: Physical Memory: 10533.04 MB used,  38540.28 MB free, 49073.31 MB total
[2019.05.03-19.02.27:627][  0]LogMemory: Virtual Memory: 4655.84 MB used,  134213072.00 MB free, 134217728.00 MB total
[2019.05.03-19.02.27:644][  0]LogInit: Using OS detected language (en-US).
[2019.05.03-19.02.27:644][  0]LogInit: Using OS detected locale (en-US).
[2019.05.03-19.02.27:644][  0]LogTextLocalizationManager: No specific localization for 'en-US' exists, so the 'en' localization will be used.
[2019.05.03-19.02.27:903][  0]LogRendererCore: FGlobalReadBuffer::InitRHI
[2019.05.03-19.02.27:903][  0]LogRendererCore: FGlobalReadBuffer::InitRHI
[2019.05.03-19.02.27:903][  0]LogRendererCore: FGlobalReadBuffer::InitRHI
[2019.05.03-19.02.28:137][  0]LogTemp: Display: Module 'AllDesktopTargetPlatform' loaded TargetPlatform 'AllDesktop'
[2019.05.03-19.02.28:148][  0]LogTemp: Display: Module 'MacClientTargetPlatform' loaded TargetPlatform 'MacClient'
[2019.05.03-19.02.28:160][  0]LogTemp: Display: Module 'MacNoEditorTargetPlatform' loaded TargetPlatform 'MacNoEditor'
[2019.05.03-19.02.28:172][  0]LogTemp: Display: Module 'MacServerTargetPlatform' loaded TargetPlatform 'MacServer'
[2019.05.03-19.02.28:187][  0]LogTemp: Display: Module 'MacTargetPlatform' loaded TargetPlatform 'Mac'
[2019.05.03-19.02.28:199][  0]LogTemp: Display: Module 'WindowsClientTargetPlatform' loaded TargetPlatform 'WindowsClient'
[2019.05.03-19.02.28:211][  0]LogTemp: Display: Module 'WindowsNoEditorTargetPlatform' loaded TargetPlatform 'WindowsNoEditor'
[2019.05.03-19.02.28:227][  0]LogTemp: Display: Module 'WindowsServerTargetPlatform' loaded TargetPlatform 'WindowsServer'
[2019.05.03-19.02.28:233][  0]LogTemp: Display: Module 'WindowsTargetPlatform' loaded TargetPlatform 'Windows'
[2019.05.03-19.02.28:310][  0]LogTemp: Display: Module 'AndroidTargetPlatform' loaded TargetPlatform 'Android'
[2019.05.03-19.02.28:310][  0]LogTemp: Display: Module 'AndroidTargetPlatform' loaded TargetPlatform 'Android_ASTC'
[2019.05.03-19.02.28:311][  0]LogTemp: Display: Module 'AndroidTargetPlatform' loaded TargetPlatform 'Android_ATC'
[2019.05.03-19.02.28:312][  0]LogTemp: Display: Module 'AndroidTargetPlatform' loaded TargetPlatform 'Android_DXT'
[2019.05.03-19.02.28:313][  0]LogTemp: Display: Module 'AndroidTargetPlatform' loaded TargetPlatform 'Android_ETC1'
[2019.05.03-19.02.28:313][  0]LogTemp: Display: Module 'AndroidTargetPlatform' loaded TargetPlatform 'Android_ETC1a'
[2019.05.03-19.02.28:314][  0]LogTemp: Display: Module 'AndroidTargetPlatform' loaded TargetPlatform 'Android_ETC2'
[2019.05.03-19.02.28:314][  0]LogTemp: Display: Module 'AndroidTargetPlatform' loaded TargetPlatform 'Android_PVRTC'
[2019.05.03-19.02.28:315][  0]LogTemp: Display: Module 'AndroidTargetPlatform' loaded TargetPlatform 'AndroidClient'
[2019.05.03-19.02.28:315][  0]LogTemp: Display: Module 'AndroidTargetPlatform' loaded TargetPlatform 'Android_ASTCClient'
[2019.05.03-19.02.28:316][  0]LogTemp: Display: Module 'AndroidTargetPlatform' loaded TargetPlatform 'Android_ATCClient'
[2019.05.03-19.02.28:316][  0]LogTemp: Display: Module 'AndroidTargetPlatform' loaded TargetPlatform 'Android_DXTClient'
[2019.05.03-19.02.28:317][  0]LogTemp: Display: Module 'AndroidTargetPlatform' loaded TargetPlatform 'Android_ETC1Client'
[2019.05.03-19.02.28:319][  0]LogTemp: Display: Module 'AndroidTargetPlatform' loaded TargetPlatform 'Android_ETC1aClient'
[2019.05.03-19.02.28:319][  0]LogTemp: Display: Module 'AndroidTargetPlatform' loaded TargetPlatform 'Android_ETC2Client'
[2019.05.03-19.02.28:320][  0]LogTemp: Display: Module 'AndroidTargetPlatform' loaded TargetPlatform 'Android_PVRTCClient'
[2019.05.03-19.02.28:322][  0]LogTemp: Display: Module 'AndroidTargetPlatform' loaded TargetPlatform 'Android_Multi'
[2019.05.03-19.02.28:323][  0]LogTemp: Display: Module 'AndroidTargetPlatform' loaded TargetPlatform 'Android_MultiClient'
[2019.05.03-19.02.28:325][  0]LogTemp: Display: Module 'HTML5TargetPlatform' loaded TargetPlatform 'HTML5'
[2019.05.03-19.02.28:369][  0]LogTemp: Display: Module 'IOSTargetPlatform' loaded TargetPlatform 'IOSClient'
[2019.05.03-19.02.28:370][  0]LogTemp: Display: Module 'IOSTargetPlatform' loaded TargetPlatform 'IOS'
[2019.05.03-19.02.28:389][  0]LogTemp: Display: Module 'TVOSTargetPlatform' loaded TargetPlatform 'TVOSClient'
[2019.05.03-19.02.28:389][  0]LogTemp: Display: Module 'TVOSTargetPlatform' loaded TargetPlatform 'TVOS'
[2019.05.03-19.02.28:400][  0]LogTemp: Display: Module 'LinuxClientTargetPlatform' loaded TargetPlatform 'LinuxClient'
[2019.05.03-19.02.28:410][  0]LogTemp: Display: Module 'LinuxNoEditorTargetPlatform' loaded TargetPlatform 'LinuxNoEditor'
[2019.05.03-19.02.28:422][  0]LogTemp: Display: Module 'LinuxServerTargetPlatform' loaded TargetPlatform 'LinuxServer'
[2019.05.03-19.02.28:437][  0]LogTemp: Display: Module 'LinuxTargetPlatform' loaded TargetPlatform 'Linux'
[2019.05.03-19.02.28:484][  0]LogTemp: Display: Module 'LuminTargetPlatform' loaded TargetPlatform 'Lumin'
[2019.05.03-19.02.28:484][  0]LogTemp: Display: Module 'LuminTargetPlatform' loaded TargetPlatform 'LuminClient'
[2019.05.03-19.02.28:485][  0]LogTargetPlatformManager: Display: Building Assets For Windows
[2019.05.03-19.02.28:495][  0]LogAudioDebug: Display: Lib vorbis DLL was dynamically loaded.
[2019.05.03-19.02.28:548][  0]LogShaderCompilers: Guid format shader working directory is 9 characters bigger than the processId version (E:/code/ue4bugs/CompileBPCommandlet/Intermediate/Shaders/WorkingDirectory/10196/).
[2019.05.03-19.02.28:548][  0]LogShaderCompilers: Cleaned the shader compiler working directory 'C:/Users/doug/AppData/Local/Temp/UnrealShaderWorkingDir/801063C549CC4110329B41A04BC23D63/'.
[2019.05.03-19.02.28:550][  0]LogXGEController: Cannot use XGE Controller as Incredibuild is not installed on this machine.
[2019.05.03-19.02.28:550][  0]LogShaderCompilers: Cannot use XGE Shader Compiler as Incredibuild is not installed on this machine.
[2019.05.03-19.02.28:550][  0]LogShaderCompilers: Display: Using Local Shader Compiler.
[2019.05.03-19.02.29:054][  0]LogDerivedDataCache: Display: Max Cache Size: 512 MB
[2019.05.03-19.02.29:082][  0]LogDerivedDataCache: Loaded boot cache 0.03s 71MB C:/Users/doug/AppData/Local/UnrealEngine/4.22/DerivedDataCache/Boot.ddc.
[2019.05.03-19.02.29:082][  0]LogDerivedDataCache: Display: Loaded Boot cache: C:/Users/doug/AppData/Local/UnrealEngine/4.22/DerivedDataCache/Boot.ddc
[2019.05.03-19.02.29:082][  0]LogDerivedDataCache: FDerivedDataBackendGraph:  Pak pak cache file E:/code/ue4bugs/CompileBPCommandlet/DerivedDataCache/DDC.ddp not found, will not use a pak cache.
[2019.05.03-19.02.29:082][  0]LogDerivedDataCache: Unable to find inner node Pak for hierarchical cache Hierarchy.
[2019.05.03-19.02.29:082][  0]LogDerivedDataCache: FDerivedDataBackendGraph:  CompressedPak pak cache file E:/code/ue4bugs/CompileBPCommandlet/DerivedDataCache/Compressed.ddp not found, will not use a pak cache.
[2019.05.03-19.02.29:082][  0]LogDerivedDataCache: Unable to find inner node CompressedPak for hierarchical cache Hierarchy.
[2019.05.03-19.02.29:093][  0]LogDerivedDataCache: Display: Pak cache opened for reading ../../../Engine/DerivedDataCache/Compressed.ddp.
[2019.05.03-19.02.29:093][  0]LogDerivedDataCache: FDerivedDataBackendGraph:  EnterprisePak pak cache file ../../../Enterprise/DerivedDataCache/Compressed.ddp not found, will not use a pak cache.
[2019.05.03-19.02.29:093][  0]LogDerivedDataCache: Unable to find inner node EnterprisePak for hierarchical cache Hierarchy.
[2019.05.03-19.02.29:105][  0]LogDerivedDataCache: Using Local data cache path C:/Users/doug/AppData/Local/UnrealEngine/Common/DerivedDataCache: Writable
[2019.05.03-19.02.29:105][  0]LogDerivedDataCache: Shared data cache path not found in *engine.ini, will not use an Shared cache.
[2019.05.03-19.02.29:105][  0]LogDerivedDataCache: Unable to find inner node Shared for hierarchical cache Hierarchy.
[2019.05.03-19.02.29:123][  0]LogMaterial: Verifying Global Shaders for PCD3D_SM5
[2019.05.03-19.02.29:136][  0]LogAssetRegistry: FAssetRegistry took 0.0088 seconds to start up
[2019.05.03-19.02.29:412][  0]LogInit: Selected Device Profile: [Windows]
[2019.05.03-19.02.29:438][  0]LogMeshReduction: Using QuadricMeshReduction for automatic static mesh reduction
[2019.05.03-19.02.29:438][  0]LogMeshReduction: Using SimplygonMeshReduction for automatic skeletal mesh reduction
[2019.05.03-19.02.29:438][  0]LogMeshReduction: Using ProxyLODMeshReduction for automatic mesh merging
[2019.05.03-19.02.29:438][  0]LogMeshReduction: No distributed automatic mesh merging module available
[2019.05.03-19.02.29:438][  0]LogMeshMerging: No distributed automatic mesh merging module available
[2019.05.03-19.02.29:439][  0]LogNetVersion: CompileBPCommandlet 1.0.0, NetCL: 5660361, EngineNetVer: 10, GameNetVer: 0 (Checksum: 3551815176)
[2019.05.03-19.02.29:590][  0]LogPackageLocalizationCache: Processed 10 localized package path(s) for 1 prioritized culture(s) in 0.020123 seconds
[2019.05.03-19.02.29:737][  0]LogCollectionManager: Loaded 0 collections in 0.001984 seconds
[2019.05.03-19.02.29:760][  0]LogFileCache: Scanning file cache for directory 'E:/code/ue4bugs/CompileBPCommandlet/Saved/Collections/' took 0.01s
[2019.05.03-19.02.29:760][  0]LogFileCache: Scanning file cache for directory 'E:/code/ue4bugs/CompileBPCommandlet/Content/Developers/doug/Collections/' took 0.00s
[2019.05.03-19.02.29:760][  0]LogFileCache: Scanning file cache for directory 'E:/code/ue4bugs/CompileBPCommandlet/Content/Collections/' took 0.01s
[2019.05.03-19.02.29:760][  0]LogCollectionManager: Rebuilt the object cache for 0 collections in 0.000000 seconds (found 0 objects)
[2019.05.03-19.02.29:760][  0]LogCollectionManager: Fixed up redirectors for 0 collections in 0.000073 seconds (updated 0 objects)
[2019.05.03-19.02.29:886][  0]SourceControl: Source control is disabled
[2019.05.03-19.02.29:886][  0]SourceControl: Source control is disabled
[2019.05.03-19.02.29:887][  0]SourceControl: Source control is disabled
[2019.05.03-19.02.29:889][  0]SourceControl: Source control is disabled
[2019.05.03-19.02.29:921][  0]LogAndroidPermission: UAndroidPermissionCallbackProxy::GetInstance
[2019.05.03-19.02.30:014][  0]LogOcInput: OculusInput pre-init called
[2019.05.03-19.02.30:033][  0]LogUObjectArray: 47441 objects as part of root set at end of initial load.
[2019.05.03-19.02.30:033][  0]LogUObjectAllocator: 8506344 out of 0 bytes used by permanent object pool.
[2019.05.03-19.02.30:033][  0]LogUObjectArray: CloseDisregardForGC: 0/0 objects in disregard for GC pool
[2019.05.03-19.02.30:033][  0]LogInit: Executing Class /Script/UnrealEd.CompileAllBlueprintsCommandlet
[2019.05.03-19.02.30:033][  0]LogInit: Initializing Editor Engine...
[2019.05.03-19.02.30:033][  0]LogEngine: Initializing Engine...
[2019.05.03-19.02.30:034][  0]LogStats: UGameplayTagsManager::InitializeManager -  0.000 s
[2019.05.03-19.02.30:045][  0]LogInit: Initializing FReadOnlyCVARCache
[2019.05.03-19.02.30:061][  0]LogAIModule: Creating AISystem for world Untitled
[2019.05.03-19.02.30:061][  0]LogNetVersion: Set ProjectVersion to 1.0.0.0. Version Checksum will be recalculated on next use.
[2019.05.03-19.02.30:071][  0]LogDerivedDataCache: Saved boot cache 0.01s 7MB C:/Users/doug/AppData/Local/UnrealEngine/4.22/DerivedDataCache/Boot.ddc.
[2019.05.03-19.02.30:075][  0]LogInit: Texture streaming: Disabled
[2019.05.03-19.02.30:166][  0]LogInit: Initializing Editor Engine Completed
[2019.05.03-19.02.30:215][  0]BlueprintLog: New page: Editor Load
[2019.05.03-19.02.30:270][  0]LogCompileAllBlueprintsCommandlet: Display: Loading Kismit Blueprint Compiler...
[2019.05.03-19.02.30:271][  0]LogCompileAllBlueprintsCommandlet: Display: Finished Loading Kismit Blueprint Compiler...
[2019.05.03-19.02.30:272][  0]LogCompileAllBlueprintsCommandlet: Display: Loading Asset Registry...
[2019.05.03-19.02.30:365][  0]LogCompileAllBlueprintsCommandlet: Display: Finished Loading Asset Registry.
[2019.05.03-19.02.30:365][  0]LogCompileAllBlueprintsCommandlet: Display: Gathering All Blueprints From Asset Registry...
[2019.05.03-19.02.30:368][  0]LogCompileAllBlueprintsCommandlet: Display: Loading and Compiling: '/Engine/EngineDamageTypes/DmgTypeBP_Environmental.DmgTypeBP_Environmental'...
[2019.05.03-19.02.30:368][  0]LogOutputDevice: Warning: 

Script Stack (0 frames):

[2019.05.03-19.02.30:369][  0]LogWindows: Windows GetLastError: The operation completed successfully. (0)
[2019.05.03-19.02.32:939][  0]LogWindows: Error: === Critical error: ===
[2019.05.03-19.02.32:939][  0]LogWindows: Error: 
[2019.05.03-19.02.32:940][  0]LogWindows: Error: Assertion failed: (Index >= 0) & (Index < ArrayNum) [File:D:\Build\++UE4\Sync\Engine\Source\Runtime\Core\Public\Containers/Array.h] [Line: 611] 
[2019.05.03-19.02.32:941][  0]LogWindows: Error: Array index out of bounds: 3 from an array of size 0
[2019.05.03-19.02.32:942][  0]LogWindows: Error: 
[2019.05.03-19.02.32:943][  0]LogWindows: Error: 
[2019.05.03-19.02.32:943][  0]LogWindows: Error: [Callstack] 0x00007ffa1b0a9129 KERNELBASE.dll!UnknownFunction []
[2019.05.03-19.02.32:944][  0]LogWindows: Error: [Callstack] 0x00007ff9e2db1f07 UE4Editor-Core.dll!ReportAssert() [d:\build\++ue4\sync\engine\source\runtime\core\private\windows\windowsplatformcrashcontext.cpp:553]
[2019.05.03-19.02.32:945][  0]LogWindows: Error: [Callstack] 0x00007ff9e2db46b7 UE4Editor-Core.dll!FWindowsErrorOutputDevice::Serialize() [d:\build\++ue4\sync\engine\source\runtime\core\private\windows\windowserroroutputdevice.cpp:79]
[2019.05.03-19.02.32:947][  0]LogWindows: Error: [Callstack] 0x00007ff9e2bc7cea UE4Editor-Core.dll!FOutputDevice::LogfImpl() [d:\build\++ue4\sync\engine\source\runtime\core\private\misc\outputdevice.cpp:71]
[2019.05.03-19.02.32:947][  0]LogWindows: Error: [Callstack] 0x00007ff9e2b4fe07 UE4Editor-Core.dll!FDebug::AssertFailed() [d:\build\++ue4\sync\engine\source\runtime\core\private\misc\assertionmacros.cpp:440]
[2019.05.03-19.02.32:948][  0]LogWindows: Error: [Callstack] 0x00007ff9e2b50499 UE4Editor-Core.dll!FDebug::CheckVerifyFailedImpl() [d:\build\++ue4\sync\engine\source\runtime\core\private\misc\assertionmacros.cpp:418]
[2019.05.03-19.02.32:949][  0]LogWindows: Error: [Callstack] 0x00007ff9c2142778 UE4Editor-UnrealEd.dll!DispatchCheckVerify<void,<lambda_023adc04eb97b0d12b89425341d4205f> >() [d:\build\++ue4\sync\engine\source\runtime\core\public\misc\assertionmacros.h:162]
[2019.05.03-19.02.32:952][  0]LogWindows: Error: [Callstack] 0x00007ff9c199a80e UE4Editor-UnrealEd.dll!FBlueprintEditorUtils::PatchNewCDOIntoLinker() [d:\build\++ue4\sync\engine\source\editor\unrealed\private\kismet2\blueprinteditorutils.cpp:724]
[2019.05.03-19.02.32:953][  0]LogWindows: Error: [Callstack] 0x00007ff9df888f4d UE4Editor-KismetCompiler.dll!FKismetCompilerContext::CompileFunctions() [d:\build\++ue4\sync\engine\source\editor\kismetcompiler\private\kismetcompiler.cpp:4195]
[2019.05.03-19.02.32:955][  0]LogWindows: Error: [Callstack] 0x00007ff9df8849c9 UE4Editor-KismetCompiler.dll!FKismet2CompilerModule::CompileBlueprintInner() [d:\build\++ue4\sync\engine\source\editor\kismetcompiler\private\kismetcompilermodule.cpp:133]
[2019.05.03-19.02.32:955][  0]LogWindows: Error: [Callstack] 0x00007ff9df884212 UE4Editor-KismetCompiler.dll!FKismet2CompilerModule::CompileBlueprint() [d:\build\++ue4\sync\engine\source\editor\kismetcompiler\private\kismetcompilermodule.cpp:235]
[2019.05.03-19.02.32:956][  0]LogWindows: Error: [Callstack] 0x00007ff9c138ed10 UE4Editor-UnrealEd.dll!UCompileAllBlueprintsCommandlet::CompileBlueprint() [d:\build\++ue4\sync\engine\source\editor\unrealed\private\commandlets\compileallblueprintscommandlet.cpp:321]
[2019.05.03-19.02.32:956][  0]LogWindows: Error: [Callstack] 0x00007ff9c138ae7e UE4Editor-UnrealEd.dll!UCompileAllBlueprintsCommandlet::BuildBlueprints() [d:\build\++ue4\sync\engine\source\editor\unrealed\private\commandlets\compileallblueprintscommandlet.cpp:157]
[2019.05.03-19.02.32:957][  0]LogWindows: Error: [Callstack] 0x00007ff9c13be1b6 UE4Editor-UnrealEd.dll!UCompileAllBlueprintsCommandlet::Main() [d:\build\++ue4\sync\engine\source\editor\unrealed\private\commandlets\compileallblueprintscommandlet.cpp:39]
[2019.05.03-19.02.32:958][  0]LogWindows: Error: [Callstack] 0x00007ff605ede402 UE4Editor-Cmd.exe!FEngineLoop::PreInit() [d:\build\++ue4\sync\engine\source\runtime\launch\private\launchengineloop.cpp:2706]
[2019.05.03-19.02.32:958][  0]LogWindows: Error: [Callstack] 0x00007ff605ed5377 UE4Editor-Cmd.exe!GuardedMain() [d:\build\++ue4\sync\engine\source\runtime\launch\private\launch.cpp:129]
[2019.05.03-19.02.32:959][  0]LogWindows: Error: [Callstack] 0x00007ff605ed55ca UE4Editor-Cmd.exe!GuardedMainWrapper() [d:\build\++ue4\sync\engine\source\runtime\launch\private\windows\launchwindows.cpp:145]
[2019.05.03-19.02.32:959][  0]LogWindows: Error: [Callstack] 0x00007ff605ee316c UE4Editor-Cmd.exe!WinMain() [d:\build\++ue4\sync\engine\source\runtime\launch\private\windows\launchwindows.cpp:275]
[2019.05.03-19.02.32:959][  0]LogWindows: Error: [Callstack] 0x00007ff605ee4cb6 UE4Editor-Cmd.exe!__scrt_common_main_seh() [d:\agent\_work\3\s\src\vctools\crt\vcstartup\src\startup\exe_common.inl:288]
[2019.05.03-19.02.32:960][  0]LogWindows: Error: [Callstack] 0x00007ffa1dc47974 KERNEL32.DLL!UnknownFunction []
[2019.05.03-19.02.32:964][  0]LogWindows: Error: [Callstack] 0x00007ffa1e44a271 ntdll.dll!UnknownFunction []
[2019.05.03-19.02.32:965][  0]LogWindows: Error: 
[2019.05.03-19.02.32:977][  0]LogExit: Executing StaticShutdownAfterError
[2019.05.03-19.02.32:979][  0]LogWindows: FPlatformMisc::RequestExit(1)
[2019.05.03-19.02.32:988][  0]Log file closed, 05/03/19 12:02:32
